<?xml version="1.0" encoding="UTF-8" ?>
<testsuite tests="31" failures="2" name="TestSuite" time="3.79" errors="0" skipped="0">
  <properties>
[...]
</properties>
  <testcase classname="com.smart.simple.BeanRetrieveTest" name="testBeanRetrieve" time="0.003"/>
  <testcase classname="com.smart.dynamic.CustomSchemaTest" name="registerBean" time="0"/>
  <testcase classname="com.smart.auto.AutowireTest" name="testAutoByName" time="0"/>
  <testcase classname="com.smart.ditype.DiTypeTest" name="testBoss" time="0"/>
  <testcase classname="com.smart.ditype.DiTypeTest" name="testCar3" time="0.002"/>
  <testcase classname="com.smart.ditype.DiTypeTest" name="testCar4" time="0"/>
  <testcase classname="com.smart.ditype.DiTypeTest" name="testCar5" time="0"/>
  <testcase classname="com.smart.ditype.DiTypeTest" name="testCar6" time="0"/>
  <testcase classname="com.smart.ditype.DiTypeTest" name="testCar" time="0"/>
  <testcase classname="com.smart.ditype.DiTypeTest" name="testCar1" time="0.006"/>
  <testcase classname="com.smart.attr.BeanAttrDITest" name="testCascadeAttr" time="0"/>
  <testcase classname="com.smart.attr.BeanAttrDITest" name="testBeanRetrieveChildBoss" time="0.001"/>
  <testcase classname="com.smart.attr.BeanAttrDITest" name="testBeanRetrieveBoss" time="0.024">
    <failure message="expected [true] but found [false]" type="java.lang.AssertionError">java.lang.AssertionError: expected [true] but found [false]
	at org.testng.Assert.fail(Assert.java:94)
	at org.testng.Assert.failNotEquals(Assert.java:494)
	at org.testng.Assert.assertTrue(Assert.java:42)
	at org.testng.Assert.assertTrue(Assert.java:52)
	at com.smart.attr.BeanAttrDITest.testBeanRetrieveBoss(BeanAttrDITest.java:30)
</failure>
  </testcase>
  <testcase classname="com.smart.attr.BeanAttrDITest" name="testBeanRetrieveCar" time="0"/>
  <testcase classname="com.smart.attr.BeanAttrDITest" name="testBeanRetrieveBoss1" time="0.001"/>
  <testcase classname="com.smart.attr.BeanAttrDITest" name="testBeanRetrieveBoss3" time="0">
    <failure message="No bean named &apos;boss3&apos; is defined" type="org.springframework.beans.factory.NoSuchBeanDefinitionException">org.springframework.beans.factory.NoSuchBeanDefinitionException: No bean named &apos;boss3&apos; is defined
	at org.springframework.beans.factory.support.DefaultListableBeanFactory.getBeanDefinition(DefaultListableBeanFactory.java:698)
	at org.springframework.beans.factory.support.AbstractBeanFactory.getMergedLocalBeanDefinition(AbstractBeanFactory.java:1174)
	at org.springframework.beans.factory.support.AbstractBeanFactory.doGetBean(AbstractBeanFactory.java:283)
	at org.springframework.beans.factory.support.AbstractBeanFactory.getBean(AbstractBeanFactory.java:196)
	at org.springframework.context.support.AbstractApplicationContext.getBean(AbstractApplicationContext.java:1048)
	at com.smart.attr.BeanAttrDITest.testBeanRetrieveBoss3(BeanAttrDITest.java:35)
</failure>
    <system-err>十一月 24, 2017 1:17:19 下午 org.springframework.beans.factory.xml.XmlBeanDefinitionReader loadBeanDefinitions
信息: Loading XML bean definitions from class path resource [com/smart/injectfun/beans.xml]
</system-err>
  </testcase>
  <testcase classname="com.smart.dynamic.DynamicBeanTest" name="registerBean" time="0"/>
  <testcase classname="com.smart.attr.ParentContainerBeanTest" name="parent" time="0.08"/>
  <testcase classname="com.smart.injectfun.InjectFunTest" name="testReplace" time="0.001"/>
  <testcase classname="com.smart.injectfun.InjectFunTest" name="testLookup" time="0.001"/>
  <testcase classname="com.smart.anno.AnnoAutowireTest" name="testAutoByName" time="0"/>
  <testcase classname="com.smart.tagdepend.TagDependTest" name="testReferenceTag" time="0.001"/>
  <testcase classname="com.smart.tagdepend.TagDependTest" name="testInheritTag" time="0"/>
  <testcase classname="com.smart.fb.FactoryBeanTest" name="testCarFactoryBean" time="0.001"/>
  <testcase classname="com.smart.fb.FactoryBeanTest" name="testCollFactoryBean" time="0.002"/>
  <testcase classname="com.smart.fb.FactoryBeanTest" name="testFieldFactoryBean" time="0.004"/>
  <testcase classname="com.smart.fb.FactoryBeanTest" name="testPropPathFactoryBean" time="0.005"/>
  <testcase classname="com.smart.scope.ScopeTest" name="testInject" time="0"/>
  <testcase classname="com.smart.scope.ScopeTest" name="testGetBean" time="0.003"/>
  <testcase classname="com.smart.anno.MyComponentTest" name="load" time="0"/>
  <testcase classname="com.smart.groovy.LogonServiceTest" name="getBean" time="0.484"/>
</testsuite>